<?xml version="1.0" encoding="UTF-8"?>
<!-- Generated by org.testng.reporters.JUnitXMLReporter -->
<testsuite ignored="0" hostname="Device117" failures="0" tests="7" name="Default test" time="41.648" errors="0" timestamp="2024-11-06T22:08:23 IST">
  <testcase classname="Testpkg.TutorialdemoTest" name="Screenshot" time="0.659"/>
  <testcase classname="Testpkg.TutorialdemoTest" name="logintest" time="4.845"/>
  <testcase classname="Testpkg.TutorialdemoTest" name="title" time="0.028"/>
  <testcase classname="Testpkg.TutorialdemoTest" name="homepagetest" time="22.484"/>
  <testcase classname="Testpkg.TutorialdemoTest" name="ProductpageTest" time="5.883"/>
  <testcase classname="Testpkg.TutorialdemoTest" name="Fileupload" time="3.396"/>
  <testcase classname="Testpkg.TutorialdemoTest" name="addtocart" time="0.16"/>
</testsuite> <!-- Default test -->
