<?xml version="1.0" encoding="UTF-8"?>
<testng-results ignored="0" total="7" passed="7" failed="0" skipped="0">
  <reporter-output>
  </reporter-output>
  <suite started-at="2024-11-06T22:07:41 IST" name="Default suite" finished-at="2024-11-06T22:08:23 IST" duration-ms="41648">
    <groups>
    </groups>
    <test started-at="2024-11-06T22:07:41 IST" name="Default test" finished-at="2024-11-06T22:08:23 IST" duration-ms="41648">
      <class name="Testpkg.TutorialdemoTest">
        <test-method is-config="true" signature="setup()[pri:0, instance:Testpkg.TutorialdemoTest@69e153c5]" started-at="2024-11-06T22:07:41 IST" name="setup" finished-at="2024-11-06T22:07:45 IST" duration-ms="4101" status="PASS">
          <reporter-output>
          </reporter-output>
        </test-method> <!-- setup -->
        <test-method signature="Screenshot()[pri:1, instance:Testpkg.TutorialdemoTest@69e153c5]" started-at="2024-11-06T22:07:45 IST" name="Screenshot" finished-at="2024-11-06T22:07:46 IST" duration-ms="659" status="PASS">
          <reporter-output>
          </reporter-output>
        </test-method> <!-- Screenshot -->
        <test-method signature="logintest()[pri:2, instance:Testpkg.TutorialdemoTest@69e153c5]" started-at="2024-11-06T22:07:46 IST" name="logintest" finished-at="2024-11-06T22:07:51 IST" duration-ms="4845" status="PASS">
          <reporter-output>
          </reporter-output>
        </test-method> <!-- logintest -->
        <test-method signature="title()[pri:3, instance:Testpkg.TutorialdemoTest@69e153c5]" started-at="2024-11-06T22:07:51 IST" name="title" finished-at="2024-11-06T22:07:51 IST" duration-ms="28" status="PASS">
          <reporter-output>
          </reporter-output>
        </test-method> <!-- title -->
        <test-method signature="homepagetest()[pri:4, instance:Testpkg.TutorialdemoTest@69e153c5]" started-at="2024-11-06T22:07:51 IST" name="homepagetest" finished-at="2024-11-06T22:08:13 IST" duration-ms="22484" status="PASS">
          <reporter-output>
          </reporter-output>
        </test-method> <!-- homepagetest -->
        <test-method signature="ProductpageTest()[pri:5, instance:Testpkg.TutorialdemoTest@69e153c5]" started-at="2024-11-06T22:08:13 IST" name="ProductpageTest" finished-at="2024-11-06T22:08:19 IST" duration-ms="5883" status="PASS">
          <reporter-output>
          </reporter-output>
        </test-method> <!-- ProductpageTest -->
        <test-method signature="Fileupload()[pri:6, instance:Testpkg.TutorialdemoTest@69e153c5]" started-at="2024-11-06T22:08:19 IST" name="Fileupload" finished-at="2024-11-06T22:08:23 IST" duration-ms="3396" status="PASS">
          <reporter-output>
          </reporter-output>
        </test-method> <!-- Fileupload -->
        <test-method signature="addtocart()[pri:7, instance:Testpkg.TutorialdemoTest@69e153c5]" started-at="2024-11-06T22:08:23 IST" name="addtocart" finished-at="2024-11-06T22:08:23 IST" duration-ms="160" status="PASS">
          <reporter-output>
          </reporter-output>
        </test-method> <!-- addtocart -->
      </class> <!-- Testpkg.TutorialdemoTest -->
    </test> <!-- Default test -->
  </suite> <!-- Default suite -->
</testng-results>
